
FileVersion:        2

ResolutionOfTime:   Volumes

Experiment:         3DFaces

BackgroundColor:    0 0 0
TextColor:          255 255 255
TimeCourseColor:    255 255 255
TimeCourseThick:    3
ReferenceFuncColor: 0 0 80
ReferenceFuncThick: 3

NrOfConditions:  6

Baseline
9
6 22
54 78
104 128
154 178
204 228
260 284
316 340
366 390
416 432
Color:  80 80 80

2D
2
179 203
341 365
Color:  255 0 0

Natural 3D
2
129 153
229 253
Color:  0 187 254

Pseudo 3D
2
79 103
391 415
Color:  4 208 14

Monocular
2
23 47
285 309
Color:  252 252 104

Cue
4
1 5
48 53
254 259
310 315
Color:  155 155 155

