
FileVersion:        2

ResolutionOfTime:   Volumes

Experiment:         3DFaces

BackgroundColor:    0 0 0
TextColor:          255 255 255
TimeCourseColor:    255 255 255
TimeCourseThick:    3
ReferenceFuncColor: 0 0 80
ReferenceFuncThick: 3

NrOfConditions:  6

Baseline
9
1 16
41 64
94 117
147 170
195 218
243 266
291 314
344 367
397 412
Color:  80 80 80

2D
2
65 88
219 242
Color:  255 0 0

Natural 3D
2
171 194
267 290
Color:  0 187 254

Pseudo 3D
2
17 40
315 338
Color:  4 208 14

Monocular
2
118 141
368 391
Color:  252 252 104

Cue
4
89 93
142 146
339 343
392 396
Color:  155 155 155

