
FileVersion:        2

ResolutionOfTime:   Volumes

Experiment:         3DFaces

BackgroundColor:    0 0 0
TextColor:          255 255 255
TimeCourseColor:    255 255 255
TimeCourseThick:    3
ReferenceFuncColor: 0 0 80
ReferenceFuncThick: 3

NrOfConditions:  6

Baseline
9
1 16
48 72
104 128
154 178
204 228
254 278
304 328
360 384
416 432
Color:  80 80 80

2D
2
129 153
229 253
Color:  255 0 0

Natural 3D
2
17 41
279 303
Color:  0 187 254

Pseudo 3D
2
179 203
329 353
Color:  4 208 14

Monocular
2
73 97
385 409
Color:  252 252 104

Cue
4
42 47
98 103
354 359
410 415
Color:  155 155 155

