
FileVersion:        2

ResolutionOfTime:   Volumes

Experiment:         3DFaces

BackgroundColor:    0 0 0
TextColor:          255 255 255
TimeCourseColor:    255 255 255
TimeCourseThick:    3
ReferenceFuncColor: 0 0 80
ReferenceFuncThick: 3

NrOfConditions:  6

Baseline
9
1 16
42 66
92 116
148 172
204 228
254 278
310 334
366 390
416 432
Color:  80 80 80

2D Faces
2
17 41
279 303
Color:  255 0 0

Natural 3D
2
67 91
391 415
Color:  42 31 255

Pseudo 3D
2
117 141
229 253
Color:  0 216 159

Monocular 2D
0
Color:  236 231 5

Cue
4
142 147
198 203
304 309
360 365
Color:  225 225 225

