
FileVersion:        2

ResolutionOfTime:   Volumes

Experiment:         3Dfaces

BackgroundColor:    0 0 0
TextColor:          255 255 255
TimeCourseColor:    255 255 255
TimeCourseThick:    3
ReferenceFuncColor: 0 0 80
ReferenceFuncThick: 3

NrOfConditions:  6

Baseline
9
1 16
42 66
92 116
148 172
204 228
254 278
310 334
366 390
416 432
Color:  80 80 80

2D
2
17 41
279 303
Color:  255 0 0

Natural 3D
2
67 91
391 415
Color:  0 187 254

Pseudo 3D
2
117 141
229 253
Color:  4 208 14

Monocular
2
173 197
335 359
Color:  252 252 104

Cue
4
142 147
198 203
304 309
360 365
Color:  155 155 155

