
FileVersion:        2

ResolutionOfTime:   Volumes

Experiment:         BodyObjects

BackgroundColor:    0 0 0
TextColor:          255 255 255
TimeCourseColor:    255 255 255
TimeCourseThick:    3
ReferenceFuncColor: 0 0 80
ReferenceFuncThick: 3

NrOfConditions:  33

Sunglasses
3
21 22
349 350
469 470
Color:  193 98 3

Headphones
3
165 166
297 298
377 378
Color:  244 124 4

Toque
3
157 158
253 254
489 490
Color:  252 165 78

Bike helmet
3
161 162
333 334
405 406
Color:  253 192 131

Long gloves
3
97 98
189 190
361 362
Color:  254 222 190

Mittens
3
121 122
213 214
493 494
Color:  139 136 3

Oven mitt
3
101 102
241 242
465 466
Color:  200 195 4

Rubber gloves
3
53 54
209 210
481 482
Color:  236 231 5

Runners
3
125 126
321 322
517 518
Color:  252 252 104

Flip flops
3
81 82
233 234
437 438
Color:  254 254 194

Socks
3
77 78
289 290
397 398
Color:  3 135 9

Boots
3
133 134
325 326
369 370
Color:  4 208 14

Hairbrush
3
153 154
205 206
401 402
Color:  90 252 98

Toothbrush
3
113 114
313 314
453 454
Color:  151 253 156

Long comb
3
33 34
345 346
381 382
Color:  194 254 197

Pick comb
3
149 150
193 194
413 414
Color:  0 150 111

Loofah
3
105 106
281 282
445 446
Color:  0 216 159

Soap
3
177 178
265 266
433 434
Color:  71 255 207

Nail clippers
3
85 86
201 202
457 458
Color:  141 255 225

Razor
3
69 70
353 354
525 526
Color:  193 255 239

Fork
3
25 26
285 286
373 374
Color:  0 136 184

Spoon
3
17 18
273 274
389 390
Color:  0 187 254

Hiball glass
3
49 50
225 226
521 522
Color:  91 212 255

Mug
3
61 62
317 318
425 426
Color:  141 225 255

Knife
3
89 90
341 342
441 442
Color:  193 239 255

Spatula
3
173 174
337 338
509 510
Color:  9 0 188

Frying pan
3
45 46
245 246
477 478
Color:  42 31 255

Colander
3
129 130
305 306
421 422
Color:  116 109 255

Candle
3
141 142
217 218
449 450
Color:  162 157 255

Plant
3
93 94
329 330
501 502
Color:  196 193 255

Cucumber
3
41 42
277 278
497 498
Color:  121 0 196

Dinner plate
3
169 170
257 258
393 394
Color:  177 51 255

NULL
40
1 2
5 6
9 10
13 14
29 30
37 38
57 58
65 66
73 74
109 110
117 118
137 138
145 146
181 182
185 186
197 198
221 222
229 230
237 238
249 250
261 262
269 270
293 294
301 302
309 310
357 358
365 366
385 386
409 410
417 418
429 430
461 462
473 474
485 486
505 506
513 514
529 530
533 534
537 538
541 542
Color:  199 109 255

