
FileVersion:        2

ResolutionOfTime:   Volumes

Experiment:         template

BackgroundColor:    0 0 0
TextColor:          255 255 255
TimeCourseColor:    255 255 255
TimeCourseThick:    3
ReferenceFuncColor: 0 0 80
ReferenceFuncThick: 3

NrOfConditions:  10

Baseline
41
1 6
8 12
14 18
20 24
26 30
32 36
38 42
44 48
50 54
56 60
62 66
68 72
74 78
80 84
86 90
92 96
98 102
104 108
110 114
116 120
122 126
128 132
134 138
140 144
146 150
152 156
158 162
164 168
170 174
176 180
182 186
188 192
194 198
200 204
206 210
212 216
218 222
224 228
230 234
236 240
242 246
Color:  193 98 3

Hammer_Handle_Left
5
25 25
61 61
145 145
193 193
205 205
Color:  244 124 4

Hammer_Handle_Right
5
49 49
79 79
157 157
229 229
235 235
Color:  252 165 78

Wrammer_Handle_Left
5
31 31
37 37
91 91
109 109
175 175
Color:  253 192 131

Wrammer_Handle_Right
5
73 73
163 163
169 169
199 199
223 223
Color:  254 222 190

Hammench_Handle_Left
5
7 7
13 13
43 43
85 85
103 103
Color:  139 136 3

Hammench_Handle_Right
5
55 55
67 67
127 127
151 151
187 187
Color:  200 195 4

Wrench_Handle_Left
5
97 97
121 121
133 133
181 181
241 241
Color:  236 231 5

Wrench_Handle_Right
5
19 19
115 115
139 139
211 211
217 217
Color:  252 252 104

Error
0
Color:  254 254 194

