
FileVersion:        2

ResolutionOfTime:   Volumes

Experiment:         template

BackgroundColor:    0 0 0
TextColor:          255 255 255
TimeCourseColor:    255 255 255
TimeCourseThick:    3
ReferenceFuncColor: 0 0 80
ReferenceFuncThick: 3

NrOfConditions:  10

Baseline
41
1 6
8 12
14 18
20 24
26 30
32 36
38 42
44 48
50 54
56 60
62 66
68 72
74 78
80 84
86 90
92 96
98 102
104 108
110 114
116 120
122 126
128 132
134 138
140 144
146 150
152 156
158 162
164 168
170 174
176 180
182 186
188 192
194 198
200 204
206 210
212 216
218 222
224 228
230 234
236 240
242 246
Color:  193 98 3

Hammer_Handle_Left
5
37 37
91 91
169 169
193 193
229 229
Color:  244 124 4

Hammer_Handle_Right
5
127 127
175 175
205 205
235 235
241 241
Color:  252 165 78

Wrammer_Handle_Left
5
97 97
115 115
145 145
163 163
181 181
Color:  253 192 131

Wrammer_Handle_Right
5
7 7
25 25
31 31
43 43
217 217
Color:  254 222 190

Hammench_Handle_Left
5
61 61
67 67
85 85
139 139
223 223
Color:  139 136 3

Hammench_Handle_Right
5
49 49
73 73
79 79
103 103
109 109
Color:  200 195 4

Wrench_Handle_Left
5
13 13
121 121
133 133
187 187
211 211
Color:  236 231 5

Wrench_Handle_Right
5
19 19
55 55
151 151
157 157
199 199
Color:  252 252 104

Error
0
Color:  254 254 194

