InterpolationMethod: TrilinearDuringDetection_WindowedSincFunctionForCorrection
FullDataSet: Yes
MaxNrOfLevMarqIterations: 100

-> volume:    2   n_its:   10   dx: -0.0029 mm  dy: 0.0136 mm  dz: 0.0173 mm    rx: -0.0148 degs   ry: -0.0071 degs  rz: 0.0091 degs
-> volume:    3   n_its:   19   dx: -0.0037 mm  dy: 0.0061 mm  dz: 0.0340 mm    rx: -0.0502 degs   ry: -0.0329 degs  rz: 0.0196 degs
-> volume:    4   n_its:   50   dx: 0.0051 mm  dy: -0.0737 mm  dz: -0.0092 mm    rx: -0.0189 degs   ry: -0.0101 degs  rz: -0.0081 degs
-> volume:    5   n_its:   33   dx: 0.0011 mm  dy: -0.0262 mm  dz: -0.0056 mm    rx: -0.0236 degs   ry: -0.0203 degs  rz: 0.0070 degs
-> volume:    6   n_its:   11   dx: -0.0082 mm  dy: -0.0019 mm  dz: 0.0289 mm    rx: -0.0409 degs   ry: -0.0237 degs  rz: 0.0280 degs
-> volume:    7   n_its:    3   dx: -0.0075 mm  dy: -0.0117 mm  dz: 0.0296 mm    rx: -0.0381 degs   ry: -0.0214 degs  rz: 0.0237 degs
-> volume:    8   n_its:   11   dx: -0.0031 mm  dy: -0.0764 mm  dz: 0.0072 mm    rx: -0.0045 degs   ry: -0.0128 degs  rz: 0.0017 degs
-> volume:    9   n_its:    5   dx: -0.0040 mm  dy: -0.0494 mm  dz: 0.0069 mm    rx: -0.0251 degs   ry: -0.0163 degs  rz: 0.0124 degs
-> volume:   10   n_its:    9   dx: -0.0056 mm  dy: -0.0202 mm  dz: 0.0327 mm    rx: -0.0763 degs   ry: -0.0338 degs  rz: 0.0219 degs
-> volume:   11   n_its:   51   dx: -0.0011 mm  dy: -0.0762 mm  dz: 0.0365 mm    rx: -0.0333 degs   ry: -0.0168 degs  rz: -0.0041 degs
-> volume:   12   n_its:   49   dx: -0.0038 mm  dy: -0.0692 mm  dz: 0.0027 mm    rx: -0.0078 degs   ry: -0.0114 degs  rz: -0.0063 degs
-> volume:   13   n_its:    7   dx: -0.0078 mm  dy: -0.0283 mm  dz: 0.0273 mm    rx: -0.0354 degs   ry: -0.0159 degs  rz: 0.0185 degs
-> volume:   14   n_its:    3   dx: -0.0071 mm  dy: -0.0290 mm  dz: 0.0289 mm    rx: -0.0391 degs   ry: -0.0135 degs  rz: 0.0178 degs
-> volume:   15   n_its:    6   dx: -0.0048 mm  dy: -0.0707 mm  dz: -0.0026 mm    rx: -0.0416 degs   ry: -0.0043 degs  rz: 0.0019 degs
-> volume:   16   n_its:    6   dx: -0.0044 mm  dy: -0.0637 mm  dz: -0.0023 mm    rx: -0.0374 degs   ry: -0.0038 degs  rz: 0.0017 degs
-> volume:   17   n_its:    8   dx: -0.0085 mm  dy: -0.0275 mm  dz: 0.0083 mm    rx: -0.0867 degs   ry: -0.0124 degs  rz: 0.0269 degs
-> volume:   18   n_its:    3   dx: -0.0076 mm  dy: -0.0248 mm  dz: 0.0074 mm    rx: -0.0780 degs   ry: -0.0111 degs  rz: 0.0242 degs
-> volume:   19   n_its:    3   dx: -0.0087 mm  dy: -0.0351 mm  dz: 0.0012 mm    rx: -0.0683 degs   ry: -0.0079 degs  rz: 0.0263 degs
-> volume:   20   n_its:    3   dx: -0.0133 mm  dy: -0.0289 mm  dz: 0.0019 mm    rx: -0.0755 degs   ry: -0.0055 degs  rz: 0.0357 degs
-> volume:   21   n_its:    7   dx: -0.0120 mm  dy: -0.0260 mm  dz: 0.0017 mm    rx: -0.0679 degs   ry: -0.0050 degs  rz: 0.0322 degs
-> volume:   22   n_its:    3   dx: -0.0162 mm  dy: -0.0296 mm  dz: -0.0026 mm    rx: -0.0587 degs   ry: -0.0079 degs  rz: 0.0415 degs
-> volume:   23   n_its:    4   dx: -0.0226 mm  dy: -0.0170 mm  dz: -0.0020 mm    rx: -0.0826 degs   ry: -0.0111 degs  rz: 0.0632 degs
-> volume:   24   n_its:    7   dx: -0.0203 mm  dy: -0.0153 mm  dz: -0.0018 mm    rx: -0.0743 degs   ry: -0.0100 degs  rz: 0.0569 degs
-> volume:   25   n_its:    3   dx: -0.0212 mm  dy: -0.0263 mm  dz: -0.0168 mm    rx: -0.0761 degs   ry: -0.0076 degs  rz: 0.0630 degs
-> volume:   26   n_its:    4   dx: -0.0212 mm  dy: -0.0257 mm  dz: -0.0210 mm    rx: -0.0935 degs   ry: -0.0061 degs  rz: 0.0640 degs
-> volume:   27   n_its:    6   dx: -0.0191 mm  dy: -0.0231 mm  dz: -0.0189 mm    rx: -0.0842 degs   ry: -0.0055 degs  rz: 0.0576 degs
-> volume:   28   n_its:    3   dx: -0.0209 mm  dy: -0.0295 mm  dz: -0.0276 mm    rx: -0.1009 degs   ry: 0.0034 degs  rz: 0.0582 degs
-> volume:   29   n_its:    4   dx: -0.0251 mm  dy: -0.0252 mm  dz: -0.0167 mm    rx: -0.1449 degs   ry: 0.0104 degs  rz: 0.0778 degs
-> volume:   30   n_its:    7   dx: -0.0226 mm  dy: -0.0227 mm  dz: -0.0151 mm    rx: -0.1304 degs   ry: 0.0094 degs  rz: 0.0700 degs
-> volume:   31   n_its:    8   dx: -0.0203 mm  dy: -0.0204 mm  dz: -0.0136 mm    rx: -0.1174 degs   ry: 0.0084 degs  rz: 0.0630 degs
-> volume:   32   n_its:    3   dx: -0.0254 mm  dy: -0.0200 mm  dz: -0.0104 mm    rx: -0.1347 degs   ry: 0.0145 degs  rz: 0.0739 degs
-> volume:   33   n_its:    8   dx: -0.0228 mm  dy: -0.0180 mm  dz: -0.0094 mm    rx: -0.1212 degs   ry: 0.0131 degs  rz: 0.0665 degs
-> volume:   34   n_its:    3   dx: -0.0280 mm  dy: -0.0203 mm  dz: -0.0182 mm    rx: -0.1342 degs   ry: 0.0143 degs  rz: 0.0772 degs
-> volume:   35   n_its:   19   dx: -0.0265 mm  dy: -0.0171 mm  dz: -0.0171 mm    rx: -0.1230 degs   ry: 0.0126 degs  rz: 0.0733 degs
-> volume:   36   n_its:    8   dx: -0.0239 mm  dy: -0.0154 mm  dz: -0.0154 mm    rx: -0.1107 degs   ry: 0.0114 degs  rz: 0.0660 degs
-> volume:   37   n_its:    3   dx: -0.0294 mm  dy: -0.0336 mm  dz: -0.0278 mm    rx: -0.1085 degs   ry: 0.0152 degs  rz: 0.0726 degs
-> volume:   38   n_its:    3   dx: -0.0352 mm  dy: -0.0248 mm  dz: -0.0290 mm    rx: -0.1213 degs   ry: 0.0282 degs  rz: 0.0840 degs
-> volume:   39   n_its:    9   dx: -0.0317 mm  dy: -0.0223 mm  dz: -0.0261 mm    rx: -0.1092 degs   ry: 0.0254 degs  rz: 0.0756 degs
-> volume:   40   n_its:    7   dx: -0.0285 mm  dy: -0.0201 mm  dz: -0.0235 mm    rx: -0.0983 degs   ry: 0.0228 degs  rz: 0.0681 degs
-> volume:   41   n_its:    3   dx: -0.0337 mm  dy: -0.0131 mm  dz: -0.0270 mm    rx: -0.1124 degs   ry: 0.0274 degs  rz: 0.0786 degs
-> volume:   42   n_its:    7   dx: -0.0303 mm  dy: -0.0118 mm  dz: -0.0243 mm    rx: -0.1012 degs   ry: 0.0246 degs  rz: 0.0707 degs
-> volume:   43   n_its:   14   dx: -0.0289 mm  dy: -0.0125 mm  dz: -0.0223 mm    rx: -0.0972 degs   ry: 0.0253 degs  rz: 0.0684 degs
-> volume:   44   n_its:    3   dx: -0.0339 mm  dy: -0.0269 mm  dz: -0.0162 mm    rx: -0.1251 degs   ry: 0.0323 degs  rz: 0.0769 degs
-> volume:   45   n_its:   12   dx: -0.0315 mm  dy: -0.0265 mm  dz: -0.0153 mm    rx: -0.1178 degs   ry: 0.0309 degs  rz: 0.0710 degs
-> volume:   46   n_its:    3   dx: -0.0376 mm  dy: -0.0245 mm  dz: -0.0108 mm    rx: -0.1468 degs   ry: 0.0344 degs  rz: 0.0807 degs
-> volume:   47   n_its:   21   dx: -0.0424 mm  dy: -0.0285 mm  dz: -0.0046 mm    rx: -0.1737 degs   ry: 0.0364 degs  rz: 0.0819 degs
-> volume:   48   n_its:    8   dx: -0.0382 mm  dy: -0.0257 mm  dz: -0.0041 mm    rx: -0.1564 degs   ry: 0.0328 degs  rz: 0.0737 degs
-> volume:   49   n_its:    8   dx: -0.0344 mm  dy: -0.0231 mm  dz: -0.0037 mm    rx: -0.1407 degs   ry: 0.0295 degs  rz: 0.0663 degs
-> volume:   50   n_its:    8   dx: -0.0309 mm  dy: -0.0208 mm  dz: -0.0033 mm    rx: -0.1267 degs   ry: 0.0266 degs  rz: 0.0597 degs
-> volume:   51   n_its:   11   dx: -0.0287 mm  dy: -0.0198 mm  dz: -0.0036 mm    rx: -0.1185 degs   ry: 0.0266 degs  rz: 0.0538 degs
-> volume:   52   n_its:    4   dx: -0.0362 mm  dy: -0.0129 mm  dz: 0.0085 mm    rx: -0.1783 degs   ry: 0.0344 degs  rz: 0.0602 degs
-> volume:   53   n_its:    8   dx: -0.0325 mm  dy: -0.0116 mm  dz: 0.0076 mm    rx: -0.1605 degs   ry: 0.0310 degs  rz: 0.0542 degs
-> volume:   54   n_its:   13   dx: -0.0301 mm  dy: -0.0123 mm  dz: 0.0040 mm    rx: -0.1470 degs   ry: 0.0292 degs  rz: 0.0498 degs
-> volume:   55   n_its:    9   dx: -0.0293 mm  dy: -0.0110 mm  dz: 0.0007 mm    rx: -0.1457 degs   ry: 0.0292 degs  rz: 0.0500 degs
-> volume:   56   n_its:   10   dx: -0.0284 mm  dy: -0.0161 mm  dz: -0.0013 mm    rx: -0.1451 degs   ry: 0.0339 degs  rz: 0.0472 degs
-> volume:   57   n_its:    7   dx: -0.0255 mm  dy: -0.0145 mm  dz: -0.0012 mm    rx: -0.1306 degs   ry: 0.0305 degs  rz: 0.0425 degs
-> volume:   58   n_its:    4   dx: -0.0310 mm  dy: -0.0147 mm  dz: -0.0056 mm    rx: -0.1525 degs   ry: 0.0322 degs  rz: 0.0423 degs
-> volume:   59   n_its:   10   dx: -0.0306 mm  dy: -0.0156 mm  dz: -0.0034 mm    rx: -0.1514 degs   ry: 0.0330 degs  rz: 0.0392 degs
-> volume:   60   n_its:   11   dx: -0.0304 mm  dy: -0.0176 mm  dz: 0.0017 mm    rx: -0.1476 degs   ry: 0.0329 degs  rz: 0.0361 degs
-> volume:   61   n_its:   11   dx: -0.0297 mm  dy: -0.0189 mm  dz: 0.0073 mm    rx: -0.1424 degs   ry: 0.0344 degs  rz: 0.0330 degs
-> volume:   62   n_its:    7   dx: -0.0267 mm  dy: -0.0170 mm  dz: 0.0066 mm    rx: -0.1281 degs   ry: 0.0309 degs  rz: 0.0297 degs
-> volume:   63   n_its:    3   dx: -0.0292 mm  dy: -0.0168 mm  dz: 0.0027 mm    rx: -0.1422 degs   ry: 0.0451 degs  rz: 0.0251 degs
-> volume:   64   n_its:    3   dx: -0.0303 mm  dy: -0.0103 mm  dz: 0.0057 mm    rx: -0.1560 degs   ry: 0.0451 degs  rz: 0.0219 degs
-> volume:   65   n_its:    9   dx: -0.0273 mm  dy: -0.0093 mm  dz: 0.0051 mm    rx: -0.1404 degs   ry: 0.0406 degs  rz: 0.0198 degs
-> volume:   66   n_its:   10   dx: -0.0305 mm  dy: -0.0109 mm  dz: -0.0075 mm    rx: -0.1429 degs   ry: 0.0487 degs  rz: 0.0169 degs
-> volume:   67   n_its:    9   dx: -0.0304 mm  dy: -0.0067 mm  dz: -0.0064 mm    rx: -0.1400 degs   ry: 0.0494 degs  rz: 0.0150 degs
-> volume:   68   n_its:    7   dx: -0.0274 mm  dy: -0.0060 mm  dz: -0.0058 mm    rx: -0.1260 degs   ry: 0.0444 degs  rz: 0.0135 degs
-> volume:   69   n_its:   12   dx: -0.0248 mm  dy: -0.0057 mm  dz: -0.0054 mm    rx: -0.1137 degs   ry: 0.0402 degs  rz: 0.0122 degs
-> volume:   70   n_its:    3   dx: -0.0311 mm  dy: -0.0129 mm  dz: -0.0119 mm    rx: -0.1277 degs   ry: 0.0462 degs  rz: 0.0167 degs
-> volume:   71   n_its:    3   dx: -0.0352 mm  dy: -0.0136 mm  dz: -0.0080 mm    rx: -0.1466 degs   ry: 0.0518 degs  rz: 0.0237 degs
-> volume:   72   n_its:    7   dx: -0.0316 mm  dy: -0.0123 mm  dz: -0.0072 mm    rx: -0.1320 degs   ry: 0.0466 degs  rz: 0.0213 degs
-> volume:   73   n_its:    7   dx: -0.0285 mm  dy: -0.0110 mm  dz: -0.0065 mm    rx: -0.1188 degs   ry: 0.0420 degs  rz: 0.0192 degs
-> volume:   74   n_its:    3   dx: -0.0309 mm  dy: -0.0117 mm  dz: -0.0048 mm    rx: -0.1387 degs   ry: 0.0497 degs  rz: 0.0217 degs
-> volume:   75   n_its:   10   dx: -0.0299 mm  dy: -0.0123 mm  dz: -0.0003 mm    rx: -0.1383 degs   ry: 0.0495 degs  rz: 0.0218 degs
-> volume:   76   n_its:    7   dx: -0.0269 mm  dy: -0.0110 mm  dz: -0.0003 mm    rx: -0.1245 degs   ry: 0.0446 degs  rz: 0.0196 degs
-> volume:   77   n_its:   14   dx: -0.0254 mm  dy: -0.0101 mm  dz: -0.0007 mm    rx: -0.1164 degs   ry: 0.0431 degs  rz: 0.0190 degs
-> volume:   78   n_its:    3   dx: -0.0286 mm  dy: -0.0093 mm  dz: 0.0069 mm    rx: -0.1339 degs   ry: 0.0522 degs  rz: 0.0234 degs
-> volume:   79   n_its:    7   dx: -0.0257 mm  dy: -0.0084 mm  dz: 0.0062 mm    rx: -0.1206 degs   ry: 0.0470 degs  rz: 0.0211 degs
-> volume:   80   n_its:    8   dx: -0.0232 mm  dy: -0.0076 mm  dz: 0.0056 mm    rx: -0.1085 degs   ry: 0.0423 degs  rz: 0.0190 degs
-> volume:   81   n_its:    3   dx: -0.0248 mm  dy: -0.0085 mm  dz: 0.0137 mm    rx: -0.1306 degs   ry: 0.0519 degs  rz: 0.0222 degs
-> volume:   82   n_its:    3   dx: -0.0276 mm  dy: -0.0203 mm  dz: 0.0184 mm    rx: -0.1452 degs   ry: 0.0585 degs  rz: 0.0224 degs
-> volume:   83   n_its:    7   dx: -0.0249 mm  dy: -0.0183 mm  dz: 0.0165 mm    rx: -0.1307 degs   ry: 0.0526 degs  rz: 0.0201 degs
-> volume:   84   n_its:    3   dx: -0.0269 mm  dy: -0.0216 mm  dz: 0.0236 mm    rx: -0.1445 degs   ry: 0.0618 degs  rz: 0.0203 degs
-> volume:   85   n_its:   10   dx: -0.0297 mm  dy: -0.0134 mm  dz: 0.0279 mm    rx: -0.1418 degs   ry: 0.0646 degs  rz: 0.0215 degs
-> volume:   86   n_its:    3   dx: -0.0321 mm  dy: -0.0101 mm  dz: 0.0271 mm    rx: -0.1622 degs   ry: 0.0674 degs  rz: 0.0186 degs
-> volume:   87   n_its:    9   dx: -0.0292 mm  dy: -0.0092 mm  dz: 0.0246 mm    rx: -0.1486 degs   ry: 0.0616 degs  rz: 0.0168 degs
-> volume:   88   n_its:    7   dx: -0.0263 mm  dy: -0.0082 mm  dz: 0.0222 mm    rx: -0.1337 degs   ry: 0.0554 degs  rz: 0.0151 degs
-> volume:   89   n_its:    3   dx: -0.0275 mm  dy: -0.0067 mm  dz: 0.0111 mm    rx: -0.1514 degs   ry: 0.0630 degs  rz: 0.0160 degs
-> volume:   90   n_its:    4   dx: -0.0271 mm  dy: 0.0038 mm  dz: 0.0075 mm    rx: -0.2107 degs   ry: 0.0776 degs  rz: 0.0187 degs
-> volume:   91   n_its:    8   dx: -0.0244 mm  dy: 0.0034 mm  dz: 0.0068 mm    rx: -0.1896 degs   ry: 0.0699 degs  rz: 0.0168 degs
-> volume:   92   n_its:    8   dx: -0.0220 mm  dy: 0.0031 mm  dz: 0.0061 mm    rx: -0.1707 degs   ry: 0.0629 degs  rz: 0.0151 degs
-> volume:   93   n_its:    3   dx: -0.0243 mm  dy: 0.0019 mm  dz: 0.0072 mm    rx: -0.1881 degs   ry: 0.0687 degs  rz: 0.0164 degs
-> volume:   94   n_its:   10   dx: -0.0233 mm  dy: -0.0002 mm  dz: 0.0090 mm    rx: -0.1861 degs   ry: 0.0683 degs  rz: 0.0159 degs
-> volume:   95   n_its:    9   dx: -0.0209 mm  dy: -0.0002 mm  dz: 0.0081 mm    rx: -0.1675 degs   ry: 0.0615 degs  rz: 0.0143 degs
-> volume:   96   n_its:   10   dx: -0.0208 mm  dy: -0.0063 mm  dz: 0.0041 mm    rx: -0.1658 degs   ry: 0.0621 degs  rz: 0.0130 degs
-> volume:   97   n_its:    3   dx: -0.0224 mm  dy: -0.0081 mm  dz: 0.0044 mm    rx: -0.1935 degs   ry: 0.0694 degs  rz: 0.0157 degs
-> volume:   98   n_its:   10   dx: -0.0216 mm  dy: -0.0128 mm  dz: 0.0048 mm    rx: -0.1914 degs   ry: 0.0690 degs  rz: 0.0151 degs
-> volume:   99   n_its:    8   dx: -0.0194 mm  dy: -0.0116 mm  dz: 0.0043 mm    rx: -0.1723 degs   ry: 0.0621 degs  rz: 0.0136 degs
-> volume:  100   n_its:    3   dx: -0.0221 mm  dy: -0.0147 mm  dz: 0.0015 mm    rx: -0.1962 degs   ry: 0.0724 degs  rz: 0.0168 degs
-> volume:  101   n_its:    9   dx: -0.0245 mm  dy: -0.0186 mm  dz: 0.0036 mm    rx: -0.2195 degs   ry: 0.0807 degs  rz: 0.0189 degs
-> volume:  102   n_its:    3   dx: -0.0221 mm  dy: -0.0167 mm  dz: 0.0032 mm    rx: -0.1975 degs   ry: 0.0727 degs  rz: 0.0170 degs
-> volume:  103   n_its:    8   dx: -0.0198 mm  dy: -0.0150 mm  dz: 0.0029 mm    rx: -0.1778 degs   ry: 0.0654 degs  rz: 0.0153 degs
-> volume:  104   n_its:    3   dx: -0.0209 mm  dy: -0.0163 mm  dz: 0.0087 mm    rx: -0.2000 degs   ry: 0.0763 degs  rz: 0.0163 degs
-> volume:  105   n_its:   10   dx: -0.0203 mm  dy: -0.0197 mm  dz: 0.0101 mm    rx: -0.1966 degs   ry: 0.0754 degs  rz: 0.0148 degs
-> volume:  106   n_its:    8   dx: -0.0183 mm  dy: -0.0178 mm  dz: 0.0091 mm    rx: -0.1770 degs   ry: 0.0679 degs  rz: 0.0133 degs
-> volume:  107   n_its:   10   dx: -0.0213 mm  dy: -0.0213 mm  dz: 0.0023 mm    rx: -0.1965 degs   ry: 0.0765 degs  rz: 0.0136 degs
-> volume:  108   n_its:    3   dx: -0.0227 mm  dy: -0.0203 mm  dz: 0.0011 mm    rx: -0.2125 degs   ry: 0.0805 degs  rz: 0.0137 degs
-> volume:  109   n_its:    8   dx: -0.0204 mm  dy: -0.0182 mm  dz: 0.0010 mm    rx: -0.1913 degs   ry: 0.0725 degs  rz: 0.0123 degs
-> volume:  110   n_its:    3   dx: -0.0184 mm  dy: -0.0164 mm  dz: 0.0009 mm    rx: -0.1721 degs   ry: 0.0652 degs  rz: 0.0111 degs
-> volume:  111   n_its:    3   dx: -0.0180 mm  dy: -0.0212 mm  dz: -0.0086 mm    rx: -0.1910 degs   ry: 0.0695 degs  rz: 0.0058 degs
-> volume:  112   n_its:    4   dx: -0.0182 mm  dy: -0.0229 mm  dz: -0.0074 mm    rx: -0.2130 degs   ry: 0.0698 degs  rz: 0.0006 degs
-> volume:  113   n_its:   12   dx: -0.0164 mm  dy: -0.0206 mm  dz: -0.0067 mm    rx: -0.1917 degs   ry: 0.0628 degs  rz: 0.0006 degs
-> volume:  114   n_its:   12   dx: -0.0153 mm  dy: -0.0253 mm  dz: -0.0131 mm    rx: -0.1843 degs   ry: 0.0609 degs  rz: -0.0024 degs
-> volume:  115   n_its:    3   dx: -0.0147 mm  dy: -0.0258 mm  dz: -0.0184 mm    rx: -0.2044 degs   ry: 0.0617 degs  rz: -0.0059 degs
-> volume:  116   n_its:    3   dx: -0.0143 mm  dy: -0.0272 mm  dz: -0.0194 mm    rx: -0.2187 degs   ry: 0.0628 degs  rz: -0.0084 degs
-> volume:  117   n_its:    7   dx: -0.0129 mm  dy: -0.0244 mm  dz: -0.0175 mm    rx: -0.1968 degs   ry: 0.0565 degs  rz: -0.0075 degs
-> volume:  118   n_its:   23   dx: -0.0122 mm  dy: -0.0258 mm  dz: -0.0218 mm    rx: -0.1910 degs   ry: 0.0547 degs  rz: -0.0093 degs
-> volume:  119   n_its:    3   dx: -0.0119 mm  dy: -0.0275 mm  dz: -0.0258 mm    rx: -0.2091 degs   ry: 0.0575 degs  rz: -0.0109 degs
-> volume:  120   n_its:    3   dx: -0.0107 mm  dy: -0.0247 mm  dz: -0.0232 mm    rx: -0.1882 degs   ry: 0.0517 degs  rz: -0.0098 degs
-> volume:  121   n_its:   11   dx: -0.0095 mm  dy: -0.0290 mm  dz: -0.0266 mm    rx: -0.1820 degs   ry: 0.0510 degs  rz: -0.0121 degs
-> volume:  122   n_its:    3   dx: -0.0077 mm  dy: -0.0296 mm  dz: -0.0253 mm    rx: -0.2024 degs   ry: 0.0555 degs  rz: -0.0139 degs
-> volume:  123   n_its:   10   dx: -0.0066 mm  dy: -0.0321 mm  dz: -0.0219 mm    rx: -0.1980 degs   ry: 0.0540 degs  rz: -0.0152 degs
-> volume:  124   n_its:    7   dx: -0.0060 mm  dy: -0.0289 mm  dz: -0.0197 mm    rx: -0.1782 degs   ry: 0.0486 degs  rz: -0.0137 degs
-> volume:  125   n_its:    4   dx: -0.0044 mm  dy: -0.0294 mm  dz: -0.0240 mm    rx: -0.1988 degs   ry: 0.0544 degs  rz: -0.0180 degs
-> volume:  126   n_its:    3   dx: -0.0027 mm  dy: -0.0342 mm  dz: -0.0197 mm    rx: -0.2138 degs   ry: 0.0562 degs  rz: -0.0248 degs
-> volume:  127   n_its:    8   dx: -0.0024 mm  dy: -0.0307 mm  dz: -0.0177 mm    rx: -0.1925 degs   ry: 0.0506 degs  rz: -0.0224 degs
-> volume:  128   n_its:    3   dx: -0.0010 mm  dy: -0.0324 mm  dz: -0.0246 mm    rx: -0.2068 degs   ry: 0.0534 degs  rz: -0.0281 degs
-> volume:  129   n_its:    3   dx: -0.0010 mm  dy: -0.0313 mm  dz: -0.0310 mm    rx: -0.2136 degs   ry: 0.0552 degs  rz: -0.0280 degs
-> volume:  130   n_its:    3   dx: -0.0006 mm  dy: -0.0376 mm  dz: -0.0338 mm    rx: -0.2292 degs   ry: 0.0562 degs  rz: -0.0299 degs
-> volume:  131   n_its:   10   dx: -0.0003 mm  dy: -0.0352 mm  dz: -0.0305 mm    rx: -0.2086 degs   ry: 0.0509 degs  rz: -0.0277 degs
-> volume:  132   n_its:    3   dx: 0.0005 mm  dy: -0.0546 mm  dz: -0.0458 mm    rx: -0.2205 degs   ry: 0.0556 degs  rz: -0.0342 degs
-> volume:  133   n_its:    3   dx: 0.0010 mm  dy: -0.0519 mm  dz: -0.0498 mm    rx: -0.2379 degs   ry: 0.0598 degs  rz: -0.0387 degs
-> volume:  134   n_its:    3   dx: 0.0013 mm  dy: -0.0502 mm  dz: -0.0461 mm    rx: -0.2566 degs   ry: 0.0610 degs  rz: -0.0429 degs
-> volume:  135   n_its:    8   dx: 0.0011 mm  dy: -0.0452 mm  dz: -0.0415 mm    rx: -0.2309 degs   ry: 0.0549 degs  rz: -0.0386 degs
-> volume:  136   n_its:   11   dx: 0.0010 mm  dy: -0.0449 mm  dz: -0.0420 mm    rx: -0.2258 degs   ry: 0.0545 degs  rz: -0.0379 degs
-> volume:  137   n_its:    3   dx: 0.0012 mm  dy: -0.0445 mm  dz: -0.0397 mm    rx: -0.2478 degs   ry: 0.0620 degs  rz: -0.0414 degs
-> volume:  138   n_its:   20   dx: 0.0012 mm  dy: -0.0416 mm  dz: -0.0356 mm    rx: -0.2275 degs   ry: 0.0572 degs  rz: -0.0381 degs
-> volume:  139   n_its:   10   dx: 0.0011 mm  dy: -0.0393 mm  dz: -0.0327 mm    rx: -0.2068 degs   ry: 0.0525 degs  rz: -0.0351 degs
-> volume:  140   n_its:    3   dx: 0.0017 mm  dy: -0.0480 mm  dz: -0.0377 mm    rx: -0.2183 degs   ry: 0.0624 degs  rz: -0.0401 degs
-> volume:  141   n_its:    3   dx: 0.0029 mm  dy: -0.0500 mm  dz: -0.0351 mm    rx: -0.2339 degs   ry: 0.0675 degs  rz: -0.0438 degs
-> volume:  142   n_its:    8   dx: 0.0026 mm  dy: -0.0450 mm  dz: -0.0316 mm    rx: -0.2105 degs   ry: 0.0608 degs  rz: -0.0394 degs
-> volume:  143   n_its:    9   dx: 0.0027 mm  dy: -0.0417 mm  dz: -0.0288 mm    rx: -0.1921 degs   ry: 0.0558 degs  rz: -0.0362 degs
-> volume:  144   n_its:    3   dx: 0.0050 mm  dy: -0.0443 mm  dz: -0.0283 mm    rx: -0.2202 degs   ry: 0.0617 degs  rz: -0.0409 degs
-> volume:  145   n_its:   10   dx: 0.0048 mm  dy: -0.0415 mm  dz: -0.0260 mm    rx: -0.2008 degs   ry: 0.0562 degs  rz: -0.0378 degs
-> volume:  146   n_its:   18   dx: 0.0047 mm  dy: -0.0392 mm  dz: -0.0238 mm    rx: -0.1840 degs   ry: 0.0520 degs  rz: -0.0350 degs
-> volume:  147   n_its:    9   dx: 0.0058 mm  dy: -0.0384 mm  dz: -0.0213 mm    rx: -0.1789 degs   ry: 0.0543 degs  rz: -0.0346 degs
-> volume:  148   n_its:    8   dx: 0.0052 mm  dy: -0.0346 mm  dz: -0.0192 mm    rx: -0.1610 degs   ry: 0.0489 degs  rz: -0.0311 degs
-> volume:  149   n_its:    3   dx: 0.0092 mm  dy: -0.0499 mm  dz: -0.0102 mm    rx: -0.1848 degs   ry: 0.0546 degs  rz: -0.0349 degs
-> volume:  150   n_its:   10   dx: 0.0126 mm  dy: -0.0632 mm  dz: -0.0068 mm    rx: -0.1960 degs   ry: 0.0577 degs  rz: -0.0411 degs
-> volume:  151   n_its:    9   dx: 0.0113 mm  dy: -0.0569 mm  dz: -0.0062 mm    rx: -0.1764 degs   ry: 0.0519 degs  rz: -0.0370 degs
-> volume:  152   n_its:    3   dx: 0.0140 mm  dy: -0.0558 mm  dz: -0.0128 mm    rx: -0.1949 degs   ry: 0.0598 degs  rz: -0.0431 degs
-> volume:  153   n_its:   10   dx: 0.0158 mm  dy: -0.0559 mm  dz: -0.0125 mm    rx: -0.2113 degs   ry: 0.0664 degs  rz: -0.0469 degs
-> volume:  154   n_its:    7   dx: 0.0143 mm  dy: -0.0503 mm  dz: -0.0112 mm    rx: -0.1901 degs   ry: 0.0597 degs  rz: -0.0422 degs
-> volume:  155   n_its:   15   dx: 0.0131 mm  dy: -0.0480 mm  dz: -0.0122 mm    rx: -0.1753 degs   ry: 0.0563 degs  rz: -0.0398 degs
-> volume:  156   n_its:    9   dx: 0.0132 mm  dy: -0.0507 mm  dz: -0.0176 mm    rx: -0.1947 degs   ry: 0.0662 degs  rz: -0.0461 degs
-> volume:  157   n_its:    3   dx: 0.0139 mm  dy: -0.0554 mm  dz: -0.0167 mm    rx: -0.2076 degs   ry: 0.0758 degs  rz: -0.0492 degs
-> volume:  158   n_its:    8   dx: 0.0125 mm  dy: -0.0499 mm  dz: -0.0151 mm    rx: -0.1868 degs   ry: 0.0682 degs  rz: -0.0443 degs
-> volume:  159   n_its:   16   dx: 0.0124 mm  dy: -0.0481 mm  dz: -0.0124 mm    rx: -0.1755 degs   ry: 0.0647 degs  rz: -0.0421 degs
-> volume:  160   n_its:    9   dx: 0.0141 mm  dy: -0.0550 mm  dz: -0.0118 mm    rx: -0.1701 degs   ry: 0.0632 degs  rz: -0.0459 degs
-> volume:  161   n_its:    3   dx: 0.0167 mm  dy: -0.0700 mm  dz: -0.0277 mm    rx: -0.1811 degs   ry: 0.0686 degs  rz: -0.0566 degs
-> volume:  162   n_its:    3   dx: 0.0174 mm  dy: -0.0625 mm  dz: -0.0342 mm    rx: -0.1980 degs   ry: 0.0754 degs  rz: -0.0593 degs
-> volume:  163   n_its:    8   dx: 0.0168 mm  dy: -0.0573 mm  dz: -0.0329 mm    rx: -0.1959 degs   ry: 0.0722 degs  rz: -0.0578 degs
-> volume:  164   n_its:    7   dx: 0.0151 mm  dy: -0.0516 mm  dz: -0.0296 mm    rx: -0.1763 degs   ry: 0.0650 degs  rz: -0.0520 degs
-> volume:  165   n_its:    3   dx: 0.0169 mm  dy: -0.0604 mm  dz: -0.0459 mm    rx: -0.1836 degs   ry: 0.0708 degs  rz: -0.0608 degs
-> volume:  166   n_its:    3   dx: 0.0179 mm  dy: -0.0559 mm  dz: -0.0469 mm    rx: -0.2001 degs   ry: 0.0732 degs  rz: -0.0639 degs
-> volume:  167   n_its:   16   dx: 0.0170 mm  dy: -0.0517 mm  dz: -0.0420 mm    rx: -0.1893 degs   ry: 0.0672 degs  rz: -0.0598 degs
-> volume:  168   n_its:   10   dx: 0.0179 mm  dy: -0.0582 mm  dz: -0.0416 mm    rx: -0.1831 degs   ry: 0.0639 degs  rz: -0.0620 degs
-> volume:  169   n_its:   10   dx: 0.0182 mm  dy: -0.0600 mm  dz: -0.0436 mm    rx: -0.1789 degs   ry: 0.0632 degs  rz: -0.0617 degs
-> volume:  170   n_its:    3   dx: 0.0198 mm  dy: -0.0604 mm  dz: -0.0450 mm    rx: -0.2012 degs   ry: 0.0652 degs  rz: -0.0661 degs
-> volume:  171   n_its:   11   dx: 0.0193 mm  dy: -0.0585 mm  dz: -0.0426 mm    rx: -0.2001 degs   ry: 0.0613 degs  rz: -0.0641 degs
-> volume:  172   n_its:    7   dx: 0.0173 mm  dy: -0.0527 mm  dz: -0.0384 mm    rx: -0.1800 degs   ry: 0.0552 degs  rz: -0.0577 degs
-> volume:  173   n_its:    3   dx: 0.0190 mm  dy: -0.0651 mm  dz: -0.0512 mm    rx: -0.1901 degs   ry: 0.0585 degs  rz: -0.0665 degs
-> volume:  174   n_its:    3   dx: 0.0217 mm  dy: -0.0597 mm  dz: -0.0503 mm    rx: -0.2091 degs   ry: 0.0583 degs  rz: -0.0708 degs
-> volume:  175   n_its:    8   dx: 0.0195 mm  dy: -0.0537 mm  dz: -0.0452 mm    rx: -0.1882 degs   ry: 0.0525 degs  rz: -0.0637 degs
-> volume:  176   n_its:    8   dx: 0.0176 mm  dy: -0.0484 mm  dz: -0.0407 mm    rx: -0.1693 degs   ry: 0.0472 degs  rz: -0.0573 degs
-> volume:  177   n_its:    3   dx: 0.0224 mm  dy: -0.0473 mm  dz: -0.0422 mm    rx: -0.1859 degs   ry: 0.0554 degs  rz: -0.0670 degs
-> volume:  178   n_its:    9   dx: 0.0226 mm  dy: -0.0469 mm  dz: -0.0398 mm    rx: -0.1841 degs   ry: 0.0544 degs  rz: -0.0674 degs
-> volume:  179   n_its:   16   dx: 0.0206 mm  dy: -0.0431 mm  dz: -0.0360 mm    rx: -0.1666 degs   ry: 0.0494 degs  rz: -0.0613 degs
-> volume:  180   n_its:    9   dx: 0.0231 mm  dy: -0.0536 mm  dz: -0.0369 mm    rx: -0.1804 degs   ry: 0.0585 degs  rz: -0.0680 degs
-> volume:  181   n_its:   18   dx: 0.0261 mm  dy: -0.0581 mm  dz: -0.0344 mm    rx: -0.2040 degs   ry: 0.0662 degs  rz: -0.0732 degs
-> volume:  182   n_its:    9   dx: 0.0292 mm  dy: -0.0652 mm  dz: -0.0319 mm    rx: -0.2187 degs   ry: 0.0704 degs  rz: -0.0764 degs
-> volume:  183   n_its:    8   dx: 0.0262 mm  dy: -0.0587 mm  dz: -0.0287 mm    rx: -0.1968 degs   ry: 0.0633 degs  rz: -0.0687 degs
-> volume:  184   n_its:    8   dx: 0.0236 mm  dy: -0.0528 mm  dz: -0.0259 mm    rx: -0.1771 degs   ry: 0.0570 degs  rz: -0.0618 degs
-> volume:  185   n_its:    7   dx: 0.0213 mm  dy: -0.0476 mm  dz: -0.0233 mm    rx: -0.1594 degs   ry: 0.0513 degs  rz: -0.0557 degs
-> volume:  186   n_its:    3   dx: 0.0295 mm  dy: -0.0540 mm  dz: -0.0225 mm    rx: -0.1733 degs   ry: 0.0611 degs  rz: -0.0737 degs
-> volume:  187   n_its:    3   dx: 0.0265 mm  dy: -0.0486 mm  dz: -0.0202 mm    rx: -0.1560 degs   ry: 0.0550 degs  rz: -0.0664 degs
-> volume:  188   n_its:    3   dx: 0.0335 mm  dy: -0.0559 mm  dz: -0.0372 mm    rx: -0.1703 degs   ry: 0.0582 degs  rz: -0.0781 degs
-> volume:  189   n_its:    3   dx: 0.0397 mm  dy: -0.0547 mm  dz: -0.0444 mm    rx: -0.1893 degs   ry: 0.0625 degs  rz: -0.0869 degs
-> volume:  190   n_its:    9   dx: 0.0357 mm  dy: -0.0492 mm  dz: -0.0400 mm    rx: -0.1703 degs   ry: 0.0563 degs  rz: -0.0783 degs
-> volume:  191   n_its:    4   dx: 0.0420 mm  dy: -0.0652 mm  dz: -0.0530 mm    rx: -0.1774 degs   ry: 0.0665 degs  rz: -0.0922 degs
-> volume:  192   n_its:   11   dx: 0.0420 mm  dy: -0.0610 mm  dz: -0.0511 mm    rx: -0.1777 degs   ry: 0.0619 degs  rz: -0.0912 degs
-> volume:  193   n_its:    9   dx: 0.0386 mm  dy: -0.0565 mm  dz: -0.0465 mm    rx: -0.1626 degs   ry: 0.0561 degs  rz: -0.0838 degs
-> volume:  194   n_its:    9   dx: 0.0384 mm  dy: -0.0628 mm  dz: -0.0479 mm    rx: -0.1573 degs   ry: 0.0542 degs  rz: -0.0841 degs
-> volume:  195   n_its:    3   dx: 0.0413 mm  dy: -0.0671 mm  dz: -0.0506 mm    rx: -0.1791 degs   ry: 0.0575 degs  rz: -0.0893 degs
-> volume:  196   n_its:   14   dx: 0.0401 mm  dy: -0.0648 mm  dz: -0.0478 mm    rx: -0.1809 degs   ry: 0.0552 degs  rz: -0.0857 degs
-> volume:  197   n_its:    9   dx: 0.0426 mm  dy: -0.0762 mm  dz: -0.0563 mm    rx: -0.1908 degs   ry: 0.0619 degs  rz: -0.0908 degs
-> volume:  198   n_its:   17   dx: 0.0385 mm  dy: -0.0688 mm  dz: -0.0509 mm    rx: -0.1723 degs   ry: 0.0559 degs  rz: -0.0820 degs
-> volume:  199   n_its:   10   dx: 0.0424 mm  dy: -0.0764 mm  dz: -0.0621 mm    rx: -0.1789 degs   ry: 0.0567 degs  rz: -0.0895 degs
-> volume:  200   n_its:    3   dx: 0.0462 mm  dy: -0.0847 mm  dz: -0.0801 mm    rx: -0.1727 degs   ry: 0.0622 degs  rz: -0.0963 degs
-> volume:  201   n_its:   16   dx: 0.0461 mm  dy: -0.0748 mm  dz: -0.0793 mm    rx: -0.1733 degs   ry: 0.0605 degs  rz: -0.0923 degs
-> volume:  202   n_its:   10   dx: 0.0451 mm  dy: -0.0700 mm  dz: -0.0746 mm    rx: -0.1737 degs   ry: 0.0569 degs  rz: -0.0889 degs
-> volume:  203   n_its:   10   dx: 0.0444 mm  dy: -0.0731 mm  dz: -0.0752 mm    rx: -0.1704 degs   ry: 0.0560 degs  rz: -0.0867 degs
-> volume:  204   n_its:    3   dx: 0.0476 mm  dy: -0.0789 mm  dz: -0.0804 mm    rx: -0.1976 degs   ry: 0.0622 degs  rz: -0.0923 degs
-> volume:  205   n_its:   10   dx: 0.0487 mm  dy: -0.0807 mm  dz: -0.0773 mm    rx: -0.2224 degs   ry: 0.0627 degs  rz: -0.0947 degs
-> volume:  206   n_its:    8   dx: 0.0438 mm  dy: -0.0726 mm  dz: -0.0696 mm    rx: -0.2001 degs   ry: 0.0564 degs  rz: -0.0852 degs
-> volume:  207   n_its:    6   dx: 0.0394 mm  dy: -0.0654 mm  dz: -0.0626 mm    rx: -0.1801 degs   ry: 0.0508 degs  rz: -0.0767 degs
-> volume:  208   n_its:    7   dx: 0.0355 mm  dy: -0.0588 mm  dz: -0.0564 mm    rx: -0.1621 degs   ry: 0.0457 degs  rz: -0.0690 degs
-> volume:  209   n_its:    4   dx: 0.0423 mm  dy: -0.0656 mm  dz: -0.0613 mm    rx: -0.1875 degs   ry: 0.0557 degs  rz: -0.0815 degs
-> volume:  210   n_its:    3   dx: 0.0381 mm  dy: -0.0591 mm  dz: -0.0552 mm    rx: -0.1688 degs   ry: 0.0501 degs  rz: -0.0734 degs
-> volume:  211   n_its:   10   dx: 0.0424 mm  dy: -0.0706 mm  dz: -0.0676 mm    rx: -0.1732 degs   ry: 0.0505 degs  rz: -0.0845 degs
-> volume:  212   n_its:   19   dx: 0.0422 mm  dy: -0.0652 mm  dz: -0.0674 mm    rx: -0.1742 degs   ry: 0.0487 degs  rz: -0.0836 degs
-> volume:  213   n_its:   10   dx: 0.0416 mm  dy: -0.0614 mm  dz: -0.0641 mm    rx: -0.1760 degs   ry: 0.0468 degs  rz: -0.0831 degs
-> volume:  214   n_its:   18   dx: 0.0385 mm  dy: -0.0577 mm  dz: -0.0585 mm    rx: -0.1609 degs   ry: 0.0429 degs  rz: -0.0768 degs
-> volume:  215   n_its:    3   dx: 0.0447 mm  dy: -0.0763 mm  dz: -0.0739 mm    rx: -0.1712 degs   ry: 0.0544 degs  rz: -0.0912 degs
-> volume:  216   n_its:    3   dx: 0.0486 mm  dy: -0.0760 mm  dz: -0.0790 mm    rx: -0.1966 degs   ry: 0.0664 degs  rz: -0.1012 degs
-> volume:  217   n_its:    8   dx: 0.0437 mm  dy: -0.0684 mm  dz: -0.0711 mm    rx: -0.1770 degs   ry: 0.0598 degs  rz: -0.0911 degs
-> volume:  218   n_its:    9   dx: 0.0471 mm  dy: -0.0861 mm  dz: -0.0807 mm    rx: -0.1821 degs   ry: 0.0607 degs  rz: -0.0985 degs
-> volume:  219   n_its:    8   dx: 0.0424 mm  dy: -0.0775 mm  dz: -0.0726 mm    rx: -0.1639 degs   ry: 0.0546 degs  rz: -0.0886 degs
-> volume:  220   n_its:    3   dx: 0.0477 mm  dy: -0.0747 mm  dz: -0.0710 mm    rx: -0.1894 degs   ry: 0.0593 degs  rz: -0.0921 degs
-> volume:  221   n_its:   11   dx: 0.0475 mm  dy: -0.0734 mm  dz: -0.0684 mm    rx: -0.1895 degs   ry: 0.0601 degs  rz: -0.0887 degs
-> volume:  222   n_its:   10   dx: 0.0501 mm  dy: -0.0854 mm  dz: -0.0788 mm    rx: -0.1923 degs   ry: 0.0666 degs  rz: -0.0958 degs
-> volume:  223   n_its:   10   dx: 0.0485 mm  dy: -0.0821 mm  dz: -0.0814 mm    rx: -0.1861 degs   ry: 0.0640 degs  rz: -0.0922 degs
-> volume:  224   n_its:   20   dx: 0.0453 mm  dy: -0.0746 mm  dz: -0.0761 mm    rx: -0.1741 degs   ry: 0.0594 degs  rz: -0.0859 degs
-> volume:  225   n_its:   11   dx: 0.0424 mm  dy: -0.0693 mm  dz: -0.0690 mm    rx: -0.1625 degs   ry: 0.0545 degs  rz: -0.0802 degs
-> volume:  226   n_its:   11   dx: 0.0428 mm  dy: -0.0746 mm  dz: -0.0676 mm    rx: -0.1554 degs   ry: 0.0540 degs  rz: -0.0819 degs
-> volume:  227   n_its:    3   dx: 0.0482 mm  dy: -0.0809 mm  dz: -0.0771 mm    rx: -0.1740 degs   ry: 0.0662 degs  rz: -0.0913 degs
-> volume:  228   n_its:    3   dx: 0.0509 mm  dy: -0.0778 mm  dz: -0.0766 mm    rx: -0.2013 degs   ry: 0.0684 degs  rz: -0.0968 degs
-> volume:  229   n_its:    7   dx: 0.0458 mm  dy: -0.0701 mm  dz: -0.0690 mm    rx: -0.1812 degs   ry: 0.0616 degs  rz: -0.0871 degs
-> volume:  230   n_its:    3   dx: 0.0492 mm  dy: -0.0845 mm  dz: -0.0854 mm    rx: -0.1883 degs   ry: 0.0631 degs  rz: -0.0958 degs
-> volume:  231   n_its:   11   dx: 0.0481 mm  dy: -0.0778 mm  dz: -0.0829 mm    rx: -0.1860 degs   ry: 0.0616 degs  rz: -0.0916 degs
-> volume:  232   n_its:   20   dx: 0.0470 mm  dy: -0.0729 mm  dz: -0.0782 mm    rx: -0.1883 degs   ry: 0.0597 degs  rz: -0.0883 degs
-> volume:  233   n_its:   13   dx: 0.0424 mm  dy: -0.0657 mm  dz: -0.0704 mm    rx: -0.1697 degs   ry: 0.0538 degs  rz: -0.0796 degs
-> volume:  234   n_its:    3   dx: 0.0468 mm  dy: -0.0805 mm  dz: -0.0830 mm    rx: -0.1794 degs   ry: 0.0588 degs  rz: -0.0872 degs
-> volume:  235   n_its:    3   dx: 0.0505 mm  dy: -0.0782 mm  dz: -0.0846 mm    rx: -0.2049 degs   ry: 0.0672 degs  rz: -0.0906 degs
-> volume:  236   n_its:    8   dx: 0.0454 mm  dy: -0.0704 mm  dz: -0.0761 mm    rx: -0.1844 degs   ry: 0.0605 degs  rz: -0.0815 degs
-> volume:  237   n_its:    9   dx: 0.0484 mm  dy: -0.0824 mm  dz: -0.0877 mm    rx: -0.1888 degs   ry: 0.0639 degs  rz: -0.0912 degs
-> volume:  238   n_its:    7   dx: 0.0435 mm  dy: -0.0741 mm  dz: -0.0789 mm    rx: -0.1699 degs   ry: 0.0575 degs  rz: -0.0821 degs
-> volume:  239   n_its:    9   dx: 0.0392 mm  dy: -0.0667 mm  dz: -0.0710 mm    rx: -0.1530 degs   ry: 0.0518 degs  rz: -0.0739 degs
-> volume:  240   n_its:    3   dx: 0.0472 mm  dy: -0.0757 mm  dz: -0.0698 mm    rx: -0.1703 degs   ry: 0.0645 degs  rz: -0.0897 degs
-> volume:  241   n_its:    9   dx: 0.0529 mm  dy: -0.0866 mm  dz: -0.0801 mm    rx: -0.1757 degs   ry: 0.0719 degs  rz: -0.1001 degs
-> volume:  242   n_its:   10   dx: 0.0555 mm  dy: -0.0852 mm  dz: -0.0916 mm    rx: -0.1864 degs   ry: 0.0753 degs  rz: -0.1058 degs
-> volume:  243   n_its:    5   dx: 0.0572 mm  dy: -0.0793 mm  dz: -0.0917 mm    rx: -0.2040 degs   ry: 0.0776 degs  rz: -0.1092 degs
-> volume:  244   n_its:    8   dx: 0.0515 mm  dy: -0.0714 mm  dz: -0.0826 mm    rx: -0.1836 degs   ry: 0.0699 degs  rz: -0.0983 degs
-> volume:  245   n_its:    4   dx: 0.0552 mm  dy: -0.0837 mm  dz: -0.1001 mm    rx: -0.1909 degs   ry: 0.0772 degs  rz: -0.1050 degs
-> volume:  246   n_its:    9   dx: 0.0532 mm  dy: -0.0766 mm  dz: -0.0942 mm    rx: -0.1908 degs   ry: 0.0760 degs  rz: -0.0999 degs
-> volume:  247   n_its:   10   dx: 0.0555 mm  dy: -0.0809 mm  dz: -0.0906 mm    rx: -0.2085 degs   ry: 0.0821 degs  rz: -0.1012 degs
-> volume:  248   n_its:    8   dx: 0.0500 mm  dy: -0.0728 mm  dz: -0.0815 mm    rx: -0.1876 degs   ry: 0.0739 degs  rz: -0.0910 degs
-> volume:  249   n_its:   23   dx: 0.0493 mm  dy: -0.0704 mm  dz: -0.0809 mm    rx: -0.1862 degs   ry: 0.0749 degs  rz: -0.0894 degs
-> volume:  250   n_its:    3   dx: 0.0527 mm  dy: -0.0768 mm  dz: -0.0860 mm    rx: -0.2086 degs   ry: 0.0810 degs  rz: -0.0981 degs
-> volume:  251   n_its:    3   dx: 0.0555 mm  dy: -0.0924 mm  dz: -0.1037 mm    rx: -0.2085 degs   ry: 0.0859 degs  rz: -0.1087 degs
-> volume:  252   n_its:    7   dx: 0.0500 mm  dy: -0.0832 mm  dz: -0.0933 mm    rx: -0.1877 degs   ry: 0.0774 degs  rz: -0.0978 degs
-> volume:  253   n_its:    3   dx: 0.0528 mm  dy: -0.0797 mm  dz: -0.1006 mm    rx: -0.2143 degs   ry: 0.0909 degs  rz: -0.1032 degs
-> volume:  254   n_its:   10   dx: 0.0490 mm  dy: -0.0746 mm  dz: -0.0936 mm    rx: -0.1970 degs   ry: 0.0846 degs  rz: -0.0958 degs
-> volume:  255   n_its:   11   dx: 0.0523 mm  dy: -0.0859 mm  dz: -0.1099 mm    rx: -0.1935 degs   ry: 0.0928 degs  rz: -0.1066 degs
-> volume:  256   n_its:    7   dx: 0.0471 mm  dy: -0.0773 mm  dz: -0.0989 mm    rx: -0.1742 degs   ry: 0.0835 degs  rz: -0.0960 degs
-> volume:  257   n_its:    3   dx: 0.0509 mm  dy: -0.0767 mm  dz: -0.1093 mm    rx: -0.1797 degs   ry: 0.0924 degs  rz: -0.1038 degs
-> volume:  258   n_its:   13   dx: 0.0472 mm  dy: -0.0711 mm  dz: -0.0999 mm    rx: -0.1675 degs   ry: 0.0865 degs  rz: -0.0958 degs
-> volume:  259   n_its:    3   dx: 0.0542 mm  dy: -0.0882 mm  dz: -0.1056 mm    rx: -0.1785 degs   ry: 0.1041 degs  rz: -0.1114 degs
-> volume:  260   n_its:    9   dx: 0.0542 mm  dy: -0.0848 mm  dz: -0.1047 mm    rx: -0.1748 degs   ry: 0.1042 degs  rz: -0.1091 degs
-> volume:  261   n_its:    3   dx: 0.0601 mm  dy: -0.0769 mm  dz: -0.1052 mm    rx: -0.1936 degs   ry: 0.1140 degs  rz: -0.1156 degs
-> volume:  262   n_its:   13   dx: 0.0568 mm  dy: -0.0713 mm  dz: -0.0973 mm    rx: -0.1836 degs   ry: 0.1063 degs  rz: -0.1083 degs
-> volume:  263   n_its:    9   dx: 0.0563 mm  dy: -0.0753 mm  dz: -0.0973 mm    rx: -0.1766 degs   ry: 0.1043 degs  rz: -0.1071 degs
-> volume:  264   n_its:   16   dx: 0.0555 mm  dy: -0.0716 mm  dz: -0.0952 mm    rx: -0.1751 degs   ry: 0.1064 degs  rz: -0.1040 degs
-> volume:  265   n_its:    3   dx: 0.0615 mm  dy: -0.0695 mm  dz: -0.0965 mm    rx: -0.1999 degs   ry: 0.1249 degs  rz: -0.1131 degs
-> volume:  266   n_its:   10   dx: 0.0599 mm  dy: -0.0672 mm  dz: -0.0903 mm    rx: -0.1987 degs   ry: 0.1211 degs  rz: -0.1093 degs
-> volume:  267   n_its:   12   dx: 0.0563 mm  dy: -0.0663 mm  dz: -0.0858 mm    rx: -0.1849 degs   ry: 0.1113 degs  rz: -0.1031 degs
-> volume:  268   n_its:    3   dx: 0.0605 mm  dy: -0.0765 mm  dz: -0.0982 mm    rx: -0.1976 degs   ry: 0.1188 degs  rz: -0.1114 degs
-> volume:  269   n_its:   10   dx: 0.0585 mm  dy: -0.0725 mm  dz: -0.0946 mm    rx: -0.1955 degs   ry: 0.1140 degs  rz: -0.1075 degs
-> volume:  270   n_its:   11   dx: 0.0544 mm  dy: -0.0674 mm  dz: -0.0868 mm    rx: -0.1826 degs   ry: 0.1055 degs  rz: -0.0995 degs
-> volume:  271   n_its:    3   dx: 0.0613 mm  dy: -0.0868 mm  dz: -0.0949 mm    rx: -0.1908 degs   ry: 0.1174 degs  rz: -0.1154 degs
-> volume:  272   n_its:    3   dx: 0.0661 mm  dy: -0.0907 mm  dz: -0.1047 mm    rx: -0.2026 degs   ry: 0.1302 degs  rz: -0.1245 degs
-> volume:  273   n_its:   10   dx: 0.0671 mm  dy: -0.0848 mm  dz: -0.1068 mm    rx: -0.2205 degs   ry: 0.1303 degs  rz: -0.1262 degs
-> volume:  274   n_its:    3   dx: 0.0604 mm  dy: -0.0763 mm  dz: -0.0961 mm    rx: -0.1985 degs   ry: 0.1173 degs  rz: -0.1136 degs
-> volume:  275   n_its:   17   dx: 0.0555 mm  dy: -0.0709 mm  dz: -0.0892 mm    rx: -0.1810 degs   ry: 0.1069 degs  rz: -0.1048 degs
-> volume:  276   n_its:    3   dx: 0.0592 mm  dy: -0.0749 mm  dz: -0.1046 mm    rx: -0.2030 degs   ry: 0.1117 degs  rz: -0.1155 degs
-> volume:  277   n_its:    3   dx: 0.0625 mm  dy: -0.0769 mm  dz: -0.1121 mm    rx: -0.2260 degs   ry: 0.1182 degs  rz: -0.1226 degs
-> volume:  278   n_its:   18   dx: 0.0577 mm  dy: -0.0723 mm  dz: -0.1031 mm    rx: -0.2075 degs   ry: 0.1102 degs  rz: -0.1134 degs
-> volume:  279   n_its:   11   dx: 0.0616 mm  dy: -0.0869 mm  dz: -0.1151 mm    rx: -0.2118 degs   ry: 0.1201 degs  rz: -0.1263 degs
-> volume:  280   n_its:   18   dx: 0.0574 mm  dy: -0.0791 mm  dz: -0.1078 mm    rx: -0.2017 degs   ry: 0.1111 degs  rz: -0.1184 degs
-> volume:  281   n_its:   10   dx: 0.0525 mm  dy: -0.0724 mm  dz: -0.0985 mm    rx: -0.1840 degs   ry: 0.1010 degs  rz: -0.1084 degs
-> volume:  282   n_its:    3   dx: 0.0575 mm  dy: -0.0850 mm  dz: -0.1214 mm    rx: -0.1926 degs   ry: 0.1028 degs  rz: -0.1251 degs
-> volume:  283   n_its:    4   dx: 0.0596 mm  dy: -0.0783 mm  dz: -0.1297 mm    rx: -0.2076 degs   ry: 0.1018 degs  rz: -0.1370 degs
-> volume:  284   n_its:    6   dx: 0.0536 mm  dy: -0.0705 mm  dz: -0.1168 mm    rx: -0.1868 degs   ry: 0.0917 degs  rz: -0.1233 degs
-> volume:  285   n_its:    3   dx: 0.0599 mm  dy: -0.0823 mm  dz: -0.1325 mm    rx: -0.1988 degs   ry: 0.1028 degs  rz: -0.1412 degs
-> volume:  286   n_its:    3   dx: 0.0625 mm  dy: -0.0791 mm  dz: -0.1332 mm    rx: -0.2261 degs   ry: 0.1084 degs  rz: -0.1510 degs
-> volume:  287   n_its:    7   dx: 0.0562 mm  dy: -0.0712 mm  dz: -0.1199 mm    rx: -0.2035 degs   ry: 0.0976 degs  rz: -0.1359 degs
-> volume:  288   n_its:   10   dx: 0.0538 mm  dy: -0.0731 mm  dz: -0.1104 mm    rx: -0.2029 degs   ry: 0.0924 degs  rz: -0.1355 degs
-> volume:  289   n_its:    3   dx: 0.0544 mm  dy: -0.0784 mm  dz: -0.1140 mm    rx: -0.2296 degs   ry: 0.0917 degs  rz: -0.1440 degs
-> volume:  290   n_its:   18   dx: 0.0519 mm  dy: -0.0797 mm  dz: -0.1084 mm    rx: -0.2295 degs   ry: 0.0873 degs  rz: -0.1379 degs
-> volume:  291   n_its:    9   dx: 0.0497 mm  dy: -0.0836 mm  dz: -0.1071 mm    rx: -0.2239 degs   ry: 0.0865 degs  rz: -0.1329 degs
-> volume:  292   n_its:    3   dx: 0.0511 mm  dy: -0.0922 mm  dz: -0.1195 mm    rx: -0.2496 degs   ry: 0.0968 degs  rz: -0.1418 degs
-> volume:  293   n_its:    3   dx: 0.0516 mm  dy: -0.0928 mm  dz: -0.1207 mm    rx: -0.2710 degs   ry: 0.0926 degs  rz: -0.1486 degs
-> volume:  294   n_its:    9   dx: 0.0464 mm  dy: -0.0835 mm  dz: -0.1086 mm    rx: -0.2439 degs   ry: 0.0833 degs  rz: -0.1337 degs
-> volume:  295   n_its:   10   dx: 0.0474 mm  dy: -0.0889 mm  dz: -0.1234 mm    rx: -0.2449 degs   ry: 0.0842 degs  rz: -0.1416 degs
-> volume:  296   n_its:   19   dx: 0.0444 mm  dy: -0.0806 mm  dz: -0.1156 mm    rx: -0.2306 degs   ry: 0.0779 degs  rz: -0.1325 degs
-> volume:  297   n_its:   10   dx: 0.0428 mm  dy: -0.0804 mm  dz: -0.1158 mm    rx: -0.2220 degs   ry: 0.0755 degs  rz: -0.1294 degs
-> volume:  298   n_its:    3   dx: 0.0441 mm  dy: -0.0818 mm  dz: -0.1340 mm    rx: -0.2250 degs   ry: 0.0764 degs  rz: -0.1387 degs
-> volume:  299   n_its:    9   dx: 0.0397 mm  dy: -0.0736 mm  dz: -0.1206 mm    rx: -0.2025 degs   ry: 0.0688 degs  rz: -0.1248 degs
-> volume:  300   n_its:   13   dx: 0.0364 mm  dy: -0.0668 mm  dz: -0.1104 mm    rx: -0.1826 degs   ry: 0.0626 degs  rz: -0.1144 degs
-> volume:  301   n_its:   10   dx: 0.0372 mm  dy: -0.0654 mm  dz: -0.1087 mm    rx: -0.1782 degs   ry: 0.0633 degs  rz: -0.1162 degs
-> volume:  302   n_its:    3   dx: 0.0450 mm  dy: -0.0778 mm  dz: -0.1235 mm    rx: -0.1789 degs   ry: 0.0689 degs  rz: -0.1337 degs
-> volume:  303   n_its:    3   dx: 0.0493 mm  dy: -0.0821 mm  dz: -0.1465 mm    rx: -0.1829 degs   ry: 0.0774 degs  rz: -0.1466 degs
-> volume:  304   n_its:    3   dx: 0.0529 mm  dy: -0.0667 mm  dz: -0.1519 mm    rx: -0.1938 degs   ry: 0.0781 degs  rz: -0.1544 degs
-> volume:  305   n_its:    7   dx: 0.0476 mm  dy: -0.0600 mm  dz: -0.1367 mm    rx: -0.1744 degs   ry: 0.0703 degs  rz: -0.1389 degs
-> volume:  306   n_its:   11   dx: 0.0465 mm  dy: -0.0587 mm  dz: -0.1371 mm    rx: -0.1632 degs   ry: 0.0674 degs  rz: -0.1369 degs
-> volume:  307   n_its:   13   dx: 0.0503 mm  dy: -0.0505 mm  dz: -0.1416 mm    rx: -0.1823 degs   ry: 0.0731 degs  rz: -0.1470 degs
-> volume:  308   n_its:   16   dx: 0.0462 mm  dy: -0.0470 mm  dz: -0.1295 mm    rx: -0.1675 degs   ry: 0.0672 degs  rz: -0.1350 degs
-> volume:  309   n_its:   10   dx: 0.0516 mm  dy: -0.0603 mm  dz: -0.1437 mm    rx: -0.1853 degs   ry: 0.0770 degs  rz: -0.1526 degs
-> volume:  310   n_its:    3   dx: 0.0550 mm  dy: -0.0621 mm  dz: -0.1386 mm    rx: -0.2144 degs   ry: 0.0868 degs  rz: -0.1641 degs
-> volume:  311   n_its:   10   dx: 0.0501 mm  dy: -0.0572 mm  dz: -0.1255 mm    rx: -0.1960 degs   ry: 0.0796 degs  rz: -0.1498 degs
-> volume:  312   n_its:    9   dx: 0.0532 mm  dy: -0.0637 mm  dz: -0.1292 mm    rx: -0.2155 degs   ry: 0.0921 degs  rz: -0.1618 degs
-> volume:  313   n_its:   21   dx: 0.0499 mm  dy: -0.0575 mm  dz: -0.1194 mm    rx: -0.2048 degs   ry: 0.0845 degs  rz: -0.1521 degs
-> volume:  314   n_its:   10   dx: 0.0492 mm  dy: -0.0605 mm  dz: -0.1191 mm    rx: -0.1987 degs   ry: 0.0786 degs  rz: -0.1515 degs
-> volume:  315   n_its:    3   dx: 0.0523 mm  dy: -0.0697 mm  dz: -0.1385 mm    rx: -0.2156 degs   ry: 0.0825 degs  rz: -0.1641 degs
-> volume:  316   n_its:    3   dx: 0.0548 mm  dy: -0.0630 mm  dz: -0.1412 mm    rx: -0.2364 degs   ry: 0.0922 degs  rz: -0.1749 degs
-> volume:  317   n_its:    3   dx: 0.0493 mm  dy: -0.0567 mm  dz: -0.1271 mm    rx: -0.2128 degs   ry: 0.0830 degs  rz: -0.1575 degs
-> volume:  318   n_its:   18   dx: 0.0534 mm  dy: -0.0689 mm  dz: -0.1528 mm    rx: -0.2164 degs   ry: 0.0919 degs  rz: -0.1721 degs
-> volume:  319   n_its:   12   dx: 0.0518 mm  dy: -0.0627 mm  dz: -0.1494 mm    rx: -0.2150 degs   ry: 0.0912 degs  rz: -0.1699 degs
-> volume:  320   n_its:    8   dx: 0.0466 mm  dy: -0.0565 mm  dz: -0.1345 mm    rx: -0.1935 degs   ry: 0.0821 degs  rz: -0.1529 degs
-> volume:  321   n_its:    3   dx: 0.0504 mm  dy: -0.0707 mm  dz: -0.1486 mm    rx: -0.2112 degs   ry: 0.0868 degs  rz: -0.1694 degs
-> volume:  322   n_its:    3   dx: 0.0541 mm  dy: -0.0719 mm  dz: -0.1499 mm    rx: -0.2368 degs   ry: 0.0964 degs  rz: -0.1825 degs
-> volume:  323   n_its:   15   dx: 0.0509 mm  dy: -0.0669 mm  dz: -0.1393 mm    rx: -0.2228 degs   ry: 0.0888 degs  rz: -0.1711 degs
-> volume:  324   n_its:    9   dx: 0.0570 mm  dy: -0.0840 mm  dz: -0.1580 mm    rx: -0.2174 degs   ry: 0.0897 degs  rz: -0.1838 degs
-> volume:  325   n_its:    7   dx: 0.0513 mm  dy: -0.0756 mm  dz: -0.1422 mm    rx: -0.1957 degs   ry: 0.0807 degs  rz: -0.1654 degs
-> volume:  326   n_its:   10   dx: 0.0463 mm  dy: -0.0681 mm  dz: -0.1281 mm    rx: -0.1764 degs   ry: 0.0728 degs  rz: -0.1491 degs
-> volume:  327   n_its:    3   dx: 0.0561 mm  dy: -0.0809 mm  dz: -0.1392 mm    rx: -0.1738 degs   ry: 0.0838 degs  rz: -0.1764 degs
-> volume:  328   n_its:   17   dx: 0.0522 mm  dy: -0.0734 mm  dz: -0.1299 mm    rx: -0.1609 degs   ry: 0.0778 degs  rz: -0.1647 degs
-> volume:  329   n_its:    3   dx: 0.0589 mm  dy: -0.0695 mm  dz: -0.1356 mm    rx: -0.1803 degs   ry: 0.0836 degs  rz: -0.1842 degs
-> volume:  330   n_its:   22   dx: 0.0550 mm  dy: -0.0660 mm  dz: -0.1275 mm    rx: -0.1668 degs   ry: 0.0772 degs  rz: -0.1724 degs
-> volume:  331   n_its:    3   dx: 0.0614 mm  dy: -0.0719 mm  dz: -0.1451 mm    rx: -0.1722 degs   ry: 0.0859 degs  rz: -0.1887 degs
-> volume:  332   n_its:   17   dx: 0.0578 mm  dy: -0.0645 mm  dz: -0.1351 mm    rx: -0.1638 degs   ry: 0.0809 degs  rz: -0.1764 degs
-> volume:  333   n_its:   10   dx: 0.0638 mm  dy: -0.0728 mm  dz: -0.1439 mm    rx: -0.1777 degs   ry: 0.0919 degs  rz: -0.1891 degs
-> volume:  334   n_its:    3   dx: 0.0672 mm  dy: -0.0888 mm  dz: -0.1600 mm    rx: -0.1736 degs   ry: 0.1006 degs  rz: -0.2023 degs
-> volume:  335   n_its:   10   dx: 0.0646 mm  dy: -0.0823 mm  dz: -0.1584 mm    rx: -0.1679 degs   ry: 0.0969 degs  rz: -0.1949 degs
-> volume:  336   n_its:   11   dx: 0.0628 mm  dy: -0.0751 mm  dz: -0.1531 mm    rx: -0.1659 degs   ry: 0.0938 degs  rz: -0.1882 degs
-> volume:  337   n_its:   11   dx: 0.0619 mm  dy: -0.0755 mm  dz: -0.1495 mm    rx: -0.1585 degs   ry: 0.0916 degs  rz: -0.1847 degs
-> volume:  338   n_its:    3   dx: 0.0660 mm  dy: -0.0784 mm  dz: -0.1742 mm    rx: -0.1611 degs   ry: 0.0970 degs  rz: -0.2053 degs
-> volume:  339   n_its:    3   dx: 0.0688 mm  dy: -0.0696 mm  dz: -0.1926 mm    rx: -0.1550 degs   ry: 0.1052 degs  rz: -0.2146 degs
-> volume:  340   n_its:    8   dx: 0.0619 mm  dy: -0.0626 mm  dz: -0.1734 mm    rx: -0.1395 degs   ry: 0.0947 degs  rz: -0.1932 degs
-> volume:  341   n_its:    9   dx: 0.0611 mm  dy: -0.0645 mm  dz: -0.1701 mm    rx: -0.1366 degs   ry: 0.0934 degs  rz: -0.1916 degs
-> volume:  342   n_its:    3   dx: 0.0658 mm  dy: -0.0687 mm  dz: -0.1842 mm    rx: -0.1588 degs   ry: 0.1104 degs  rz: -0.2065 degs
-> volume:  343   n_its:    3   dx: 0.0727 mm  dy: -0.0656 mm  dz: -0.1816 mm    rx: -0.1836 degs   ry: 0.1194 degs  rz: -0.2188 degs
-> volume:  344   n_its:    8   dx: 0.0654 mm  dy: -0.0591 mm  dz: -0.1635 mm    rx: -0.1652 degs   ry: 0.1075 degs  rz: -0.1969 degs
-> volume:  345   n_its:   13   dx: 0.0597 mm  dy: -0.0551 mm  dz: -0.1488 mm    rx: -0.1498 degs   ry: 0.0981 degs  rz: -0.1805 degs

-> volume: T1FirstVol   n_its:    1   dx: 0.0000 mm  dy: 0.0000 mm  dz: 0.0000 mm    rx: 0.0000 degs   ry: 0.0000 degs  rz: 0.0000 degs
